2024-05-10 00:07:20,941 INFO o.a.j.u.JMeterUtils: Setting Locale to en_EN
2024-05-10 00:07:21,002 INFO o.a.j.JMeter: Loading user properties from: user.properties
2024-05-10 00:07:21,011 INFO o.a.j.JMeter: Loading system properties from: system.properties
2024-05-10 00:07:21,022 INFO o.a.j.JMeter: Copyright (c) 1998-2022 The Apache Software Foundation
2024-05-10 00:07:21,022 INFO o.a.j.JMeter: Version 5.5
2024-05-10 00:07:21,022 INFO o.a.j.JMeter: java.version=21.0.1
2024-05-10 00:07:21,022 INFO o.a.j.JMeter: java.vm.name=Java HotSpot(TM) 64-Bit Server VM
2024-05-10 00:07:21,022 INFO o.a.j.JMeter: os.name=Windows 10
2024-05-10 00:07:21,023 INFO o.a.j.JMeter: os.arch=amd64
2024-05-10 00:07:21,023 INFO o.a.j.JMeter: os.version=10.0
2024-05-10 00:07:21,023 INFO o.a.j.JMeter: file.encoding=UTF-8
2024-05-10 00:07:21,023 INFO o.a.j.JMeter: java.awt.headless=true
2024-05-10 00:07:21,023 INFO o.a.j.JMeter: Max memory     =1073741824
2024-05-10 00:07:21,023 INFO o.a.j.JMeter: Available Processors =8
2024-05-10 00:07:21,038 INFO o.a.j.JMeter: Default Locale=English (EN)
2024-05-10 00:07:21,038 INFO o.a.j.JMeter: JMeter  Locale=English (EN)
2024-05-10 00:07:21,038 INFO o.a.j.JMeter: JMeterHome=C:\Users\A8813\Downloads\apache-jmeter-5.5\apache-jmeter-5.5
2024-05-10 00:07:21,038 INFO o.a.j.JMeter: user.dir  =C:\Users\A8813\Downloads\apache-jmeter-5.5\apache-jmeter-5.5\bin
2024-05-10 00:07:21,039 INFO o.a.j.JMeter: PWD       =C:\Users\A8813\Downloads\apache-jmeter-5.5\apache-jmeter-5.5\bin
2024-05-10 00:07:21,041 INFO o.a.j.JMeter: IP: 192.168.31.99 Name: LT-PXET-R-A8813 FullName: LT-PXET-R-A8813.ind.aptaracorp.com
2024-05-10 00:07:21,088 INFO o.a.j.r.RmiUtils: System property 'java.rmi.server.hostname' is not defined, using localHost address
2024-05-10 00:07:21,088 INFO o.a.j.r.RmiUtils: Local IP address=192.168.31.99
2024-05-10 00:07:21,192 ERROR o.a.j.JMeter: Giving up, as server failed with:
java.rmi.server.ExportException: Listen failed on port: 0; nested exception is: 
	java.io.FileNotFoundException: rmi_keystore.jks (The system cannot find the file specified)
	at sun.rmi.transport.tcp.TCPTransport.listen(TCPTransport.java:358) ~[?:?]
	at sun.rmi.transport.tcp.TCPTransport.exportObject(TCPTransport.java:251) ~[?:?]
	at sun.rmi.transport.tcp.TCPEndpoint.exportObject(TCPEndpoint.java:415) ~[?:?]
	at sun.rmi.transport.LiveRef.exportObject(LiveRef.java:147) ~[?:?]
	at sun.rmi.server.UnicastServerRef.exportObject(UnicastServerRef.java:235) ~[?:?]
	at java.rmi.server.UnicastRemoteObject.exportObject(UnicastRemoteObject.java:473) ~[?:?]
	at java.rmi.server.UnicastRemoteObject.exportObject(UnicastRemoteObject.java:384) ~[?:?]
	at java.rmi.server.UnicastRemoteObject.<init>(UnicastRemoteObject.java:257) ~[?:?]
	at org.apache.jmeter.engine.RemoteJMeterEngineImpl.<init>(RemoteJMeterEngineImpl.java:68) ~[ApacheJMeter_core.jar:5.5]
	at org.apache.jmeter.engine.RemoteJMeterEngineImpl.startServer(RemoteJMeterEngineImpl.java:74) ~[ApacheJMeter_core.jar:5.5]
	at org.apache.jmeter.JMeter.start(JMeter.java:441) ~[ApacheJMeter_core.jar:5.5]
	at jdk.internal.reflect.DirectMethodHandleAccessor.invoke(DirectMethodHandleAccessor.java:103) ~[?:?]
	at java.lang.reflect.Method.invoke(Method.java:580) ~[?:?]
	at org.apache.jmeter.NewDriver.main(NewDriver.java:259) ~[ApacheJMeter.jar:5.5]
Caused by: java.io.FileNotFoundException: rmi_keystore.jks (The system cannot find the file specified)
	at java.io.FileInputStream.open0(Native Method) ~[?:?]
	at java.io.FileInputStream.open(FileInputStream.java:213) ~[?:?]
	at java.io.FileInputStream.<init>(FileInputStream.java:152) ~[?:?]
	at java.io.FileInputStream.<init>(FileInputStream.java:106) ~[?:?]
	at org.apache.jmeter.rmi.SSLRMIServerSocketFactory.loadStore(SSLRMIServerSocketFactory.java:147) ~[ApacheJMeter_core.jar:5.5]
	at org.apache.jmeter.rmi.SSLRMIServerSocketFactory.createServerSocket(SSLRMIServerSocketFactory.java:99) ~[ApacheJMeter_core.jar:5.5]
	at sun.rmi.transport.tcp.TCPEndpoint.newServerSocket(TCPEndpoint.java:672) ~[?:?]
	at sun.rmi.transport.tcp.TCPTransport.listen(TCPTransport.java:344) ~[?:?]
	... 13 more
2024-05-10 00:07:21,206 ERROR o.a.j.JMeter: An error occurred: 
java.rmi.server.ExportException: Listen failed on port: 0; nested exception is: 
	java.io.FileNotFoundException: rmi_keystore.jks (The system cannot find the file specified)
	at sun.rmi.transport.tcp.TCPTransport.listen(TCPTransport.java:358) ~[?:?]
	at sun.rmi.transport.tcp.TCPTransport.exportObject(TCPTransport.java:251) ~[?:?]
	at sun.rmi.transport.tcp.TCPEndpoint.exportObject(TCPEndpoint.java:415) ~[?:?]
	at sun.rmi.transport.LiveRef.exportObject(LiveRef.java:147) ~[?:?]
	at sun.rmi.server.UnicastServerRef.exportObject(UnicastServerRef.java:235) ~[?:?]
	at java.rmi.server.UnicastRemoteObject.exportObject(UnicastRemoteObject.java:473) ~[?:?]
	at java.rmi.server.UnicastRemoteObject.exportObject(UnicastRemoteObject.java:384) ~[?:?]
	at java.rmi.server.UnicastRemoteObject.<init>(UnicastRemoteObject.java:257) ~[?:?]
	at org.apache.jmeter.engine.RemoteJMeterEngineImpl.<init>(RemoteJMeterEngineImpl.java:68) ~[ApacheJMeter_core.jar:5.5]
	at org.apache.jmeter.engine.RemoteJMeterEngineImpl.startServer(RemoteJMeterEngineImpl.java:74) ~[ApacheJMeter_core.jar:5.5]
	at org.apache.jmeter.JMeter.start(JMeter.java:441) ~[ApacheJMeter_core.jar:5.5]
	at jdk.internal.reflect.DirectMethodHandleAccessor.invoke(DirectMethodHandleAccessor.java:103) ~[?:?]
	at java.lang.reflect.Method.invoke(Method.java:580) ~[?:?]
	at org.apache.jmeter.NewDriver.main(NewDriver.java:259) ~[ApacheJMeter.jar:5.5]
Caused by: java.io.FileNotFoundException: rmi_keystore.jks (The system cannot find the file specified)
	at java.io.FileInputStream.open0(Native Method) ~[?:?]
	at java.io.FileInputStream.open(FileInputStream.java:213) ~[?:?]
	at java.io.FileInputStream.<init>(FileInputStream.java:152) ~[?:?]
	at java.io.FileInputStream.<init>(FileInputStream.java:106) ~[?:?]
	at org.apache.jmeter.rmi.SSLRMIServerSocketFactory.loadStore(SSLRMIServerSocketFactory.java:147) ~[ApacheJMeter_core.jar:5.5]
	at org.apache.jmeter.rmi.SSLRMIServerSocketFactory.createServerSocket(SSLRMIServerSocketFactory.java:99) ~[ApacheJMeter_core.jar:5.5]
	at sun.rmi.transport.tcp.TCPEndpoint.newServerSocket(TCPEndpoint.java:672) ~[?:?]
	at sun.rmi.transport.tcp.TCPTransport.listen(TCPTransport.java:344) ~[?:?]
	... 13 more
