2024-05-10 00:13:50,656 INFO o.a.j.u.JMeterUtils: Setting Locale to en_US
2024-05-10 00:13:50,694 INFO o.a.j.JMeter: Loading user properties from: user.properties
2024-05-10 00:13:50,696 INFO o.a.j.JMeter: Loading system properties from: system.properties
2024-05-10 00:13:50,710 INFO o.a.j.JMeter: Copyright (c) 1998-2022 The Apache Software Foundation
2024-05-10 00:13:50,710 INFO o.a.j.JMeter: Version 5.5
2024-05-10 00:13:50,710 INFO o.a.j.JMeter: java.version=21.0.1
2024-05-10 00:13:50,710 INFO o.a.j.JMeter: java.vm.name=Java HotSpot(TM) 64-Bit Server VM
2024-05-10 00:13:50,710 INFO o.a.j.JMeter: os.name=Windows 10
2024-05-10 00:13:50,710 INFO o.a.j.JMeter: os.arch=amd64
2024-05-10 00:13:50,710 INFO o.a.j.JMeter: os.version=10.0
2024-05-10 00:13:50,710 INFO o.a.j.JMeter: file.encoding=UTF-8
2024-05-10 00:13:50,710 INFO o.a.j.JMeter: java.awt.headless=null
2024-05-10 00:13:50,710 INFO o.a.j.JMeter: Max memory     =2116026368
2024-05-10 00:13:50,710 INFO o.a.j.JMeter: Available Processors =8
2024-05-10 00:13:50,723 INFO o.a.j.JMeter: Default Locale=English (United States)
2024-05-10 00:13:50,723 INFO o.a.j.JMeter: JMeter  Locale=English (United States)
2024-05-10 00:13:50,723 INFO o.a.j.JMeter: JMeterHome=C:\Users\A8813\Downloads\apache-jmeter-5.5\apache-jmeter-5.5
2024-05-10 00:13:50,723 INFO o.a.j.JMeter: user.dir  =C:\Users\A8813\Downloads\apache-jmeter-5.5\apache-jmeter-5.5\bin
2024-05-10 00:13:50,724 INFO o.a.j.JMeter: PWD       =C:\Users\A8813\Downloads\apache-jmeter-5.5\apache-jmeter-5.5\bin
2024-05-10 00:13:50,726 INFO o.a.j.JMeter: IP: 192.168.31.99 Name: LT-PXET-R-A8813 FullName: LT-PXET-R-A8813.ind.aptaracorp.com
2024-05-10 00:13:50,739 INFO o.a.j.JMeter: Loaded icon properties from org/apache/jmeter/images/icon.properties
2024-05-10 00:13:51,209 INFO o.a.j.JMeterGuiLauncher: Setting LAF to: laf:javax.swing.plaf.metal.MetalLookAndFeel
2024-05-10 14:16:52,394 INFO o.a.j.p.h.s.HTTPSamplerBase: Parser for text/html is org.apache.jmeter.protocol.http.parser.LagartoBasedHtmlParser
2024-05-10 14:16:52,433 INFO o.a.j.p.h.s.HTTPSamplerBase: Parser for application/xhtml+xml is org.apache.jmeter.protocol.http.parser.LagartoBasedHtmlParser
2024-05-10 14:16:52,434 INFO o.a.j.p.h.s.HTTPSamplerBase: Parser for application/xml is org.apache.jmeter.protocol.http.parser.LagartoBasedHtmlParser
2024-05-10 14:16:52,435 INFO o.a.j.p.h.s.HTTPSamplerBase: Parser for text/xml is org.apache.jmeter.protocol.http.parser.LagartoBasedHtmlParser
2024-05-10 14:16:52,437 INFO o.a.j.p.h.s.HTTPSamplerBase: Parser for text/vnd.wap.wml is org.apache.jmeter.protocol.http.parser.RegexpHTMLParser
2024-05-10 14:16:52,438 INFO o.a.j.p.h.s.HTTPSamplerBase: Parser for text/css is org.apache.jmeter.protocol.http.parser.CssParser
